2024-03-16 10:03:34.842 INFO [main] [test_Cases.Base_Class.setup(Base_Class.java:28)] - chromedriver setup is completed. 
2024-03-16 10:03:45.550 INFO [main] [test_Cases.Base_Class.tearDown(Base_Class.java:37)] - Quitting the browser
2024-03-16 10:14:08.528 INFO [main] [test_Cases.Base_Class.setup(Base_Class.java:29)] - chromedriver setup is completed. 
2024-03-16 10:14:14.581 INFO [main] [test_Cases.TC_LoginTest_001.loginTest(TC_LoginTest_001.java:15)] - Url is opened. 
2024-03-16 10:14:14.684 INFO [main] [test_Cases.TC_LoginTest_001.loginTest(TC_LoginTest_001.java:22)] - Enter the username
2024-03-16 10:14:14.758 INFO [main] [test_Cases.TC_LoginTest_001.loginTest(TC_LoginTest_001.java:25)] - Enter the password
2024-03-16 10:14:16.981 INFO [main] [test_Cases.TC_LoginTest_001.loginTest(TC_LoginTest_001.java:37)] - Login Test is passed
2024-03-16 10:14:17.113 INFO [main] [test_Cases.Base_Class.tearDown(Base_Class.java:38)] - Quitting the chrome browser
2024-03-16 10:59:34.064 INFO [main] [test_Cases.Base_Class.setup(Base_Class.java:40)] - chromedriver setup is completed. 
2024-03-16 10:59:35.518 INFO [main] [test_Cases.Base_Class.tearDown(Base_Class.java:48)] - Quitting the chrome browser
2024-03-16 11:37:58.946 INFO [main] [test_Cases.Base_Class.setup(Base_Class.java:40)] - chromedriver setup is completed. 
2024-03-16 11:38:00.083 INFO [main] [test_Cases.Base_Class.tearDown(Base_Class.java:48)] - Quitting the chrome browser
2024-03-16 11:39:43.218 INFO [main] [test_Cases.Base_Class.setup(Base_Class.java:40)] - chromedriver setup is completed. 
2024-03-16 11:39:44.170 INFO [main] [test_Cases.Base_Class.tearDown(Base_Class.java:48)] - Quitting the chrome browser
2024-03-16 11:42:38.657 INFO [main] [test_Cases.Base_Class.setup(Base_Class.java:40)] - chromedriver setup is completed. 
2024-03-16 11:42:39.493 INFO [main] [test_Cases.Base_Class.tearDown(Base_Class.java:48)] - Quitting the chrome browser
2024-03-16 11:45:41.292 INFO [main] [test_Cases.Base_Class.setup(Base_Class.java:40)] - chromedriver setup is completed. 
2024-03-16 11:45:42.181 INFO [main] [test_Cases.Base_Class.tearDown(Base_Class.java:48)] - Quitting the chrome browser
2024-03-16 11:51:22.785 INFO [main] [test_Cases.Base_Class.setup(Base_Class.java:40)] - chromedriver setup is completed. 
2024-03-16 11:51:24.043 INFO [main] [test_Cases.Base_Class.tearDown(Base_Class.java:48)] - Quitting the chrome browser
2024-03-16 12:08:43.878 INFO [main] [test_Cases.Base_Class.setup(Base_Class.java:40)] - chromedriver setup is completed. 
2024-03-16 12:08:44.775 INFO [main] [test_Cases.Base_Class.tearDown(Base_Class.java:48)] - Quitting the chrome browser
2024-03-16 12:10:23.556 INFO [main] [test_Cases.Base_Class.setup(Base_Class.java:40)] - chromedriver setup is completed. 
2024-03-16 12:10:24.600 INFO [main] [test_Cases.Base_Class.tearDown(Base_Class.java:48)] - Quitting the chrome browser
2024-03-16 12:28:37.351 INFO [main] [test_Cases.Base_Class.setup(Base_Class.java:40)] - chromedriver setup is completed. 
2024-03-16 12:28:38.211 INFO [main] [test_Cases.Base_Class.tearDown(Base_Class.java:48)] - Quitting the chrome browser
2024-03-16 12:31:00.610 INFO [main] [test_Cases.Base_Class.setup(Base_Class.java:40)] - chromedriver setup is completed. 
2024-03-16 12:31:01.507 INFO [main] [test_Cases.Base_Class.tearDown(Base_Class.java:48)] - Quitting the chrome browser
2024-03-16 12:39:15.295 INFO [main] [test_Cases.Base_Class.setup(Base_Class.java:41)] - chromedriver setup is completed. 
2024-03-16 12:39:16.112 INFO [main] [test_Cases.Base_Class.tearDown(Base_Class.java:49)] - Quitting the chrome browser
2024-03-16 12:39:53.257 INFO [main] [test_Cases.Base_Class.setup(Base_Class.java:41)] - chromedriver setup is completed. 
2024-03-16 12:39:54.133 INFO [main] [test_Cases.Base_Class.tearDown(Base_Class.java:49)] - Quitting the chrome browser
2024-03-16 12:41:39.217 INFO [main] [test_Cases.Base_Class.setup(Base_Class.java:41)] - chromedriver setup is completed. 
2024-03-16 12:41:40.053 INFO [main] [test_Cases.Base_Class.tearDown(Base_Class.java:49)] - Quitting the chrome browser
2024-03-16 12:43:20.093 INFO [main] [test_Cases.Base_Class.setup(Base_Class.java:41)] - chromedriver setup is completed. 
2024-03-16 12:43:23.331 INFO [main] [test_Cases.Base_Class.tearDown(Base_Class.java:49)] - Quitting the chrome browser
2024-03-16 12:45:33.640 INFO [main] [test_Cases.Base_Class.setup(Base_Class.java:41)] - chromedriver setup is completed. 
2024-03-16 12:45:34.521 INFO [main] [test_Cases.Base_Class.tearDown(Base_Class.java:49)] - Quitting the chrome browser
2024-03-16 12:49:51.599 INFO [main] [test_Cases.Base_Class.setup(Base_Class.java:41)] - chromedriver setup is completed. 
2024-03-16 12:49:52.503 INFO [main] [test_Cases.Base_Class.tearDown(Base_Class.java:49)] - Quitting the chrome browser
2024-03-16 12:51:22.599 INFO [main] [test_Cases.Base_Class.setup(Base_Class.java:41)] - chromedriver setup is completed. 
2024-03-16 12:51:23.449 INFO [main] [test_Cases.Base_Class.tearDown(Base_Class.java:49)] - Quitting the chrome browser
2024-03-16 12:53:02.907 INFO [main] [test_Cases.Base_Class.setup(Base_Class.java:41)] - chromedriver setup is completed. 
2024-03-16 12:53:03.813 INFO [main] [test_Cases.Base_Class.tearDown(Base_Class.java:49)] - Quitting the chrome browser
2024-03-16 12:59:09.724 INFO [main] [test_Cases.Base_Class.setup(Base_Class.java:41)] - chromedriver setup is completed. 
2024-03-16 12:59:10.640 INFO [main] [test_Cases.Base_Class.tearDown(Base_Class.java:49)] - Quitting the chrome browser
2024-03-16 13:05:15.892 INFO [main] [test_Cases.Base_Class.setup(Base_Class.java:41)] - chromedriver setup is completed. 
2024-03-16 13:05:16.714 INFO [main] [test_Cases.Base_Class.tearDown(Base_Class.java:49)] - Quitting the chrome browser
2024-03-16 13:08:11.759 INFO [main] [test_Cases.Base_Class.setup(Base_Class.java:41)] - chromedriver setup is completed. 
2024-03-16 13:08:12.975 INFO [main] [test_Cases.Base_Class.tearDown(Base_Class.java:49)] - Quitting the chrome browser
2024-03-16 13:10:30.862 INFO [main] [test_Cases.Base_Class.setup(Base_Class.java:41)] - chromedriver setup is completed. 
2024-03-16 13:10:31.931 INFO [main] [test_Cases.Base_Class.tearDown(Base_Class.java:49)] - Quitting the chrome browser
2024-03-16 13:13:04.787 INFO [main] [test_Cases.Base_Class.setup(Base_Class.java:41)] - chromedriver setup is completed. 
2024-03-16 13:13:05.894 INFO [main] [test_Cases.Base_Class.tearDown(Base_Class.java:49)] - Quitting the chrome browser
2024-03-16 13:21:16.422 INFO [main] [test_Cases.Base_Class.setup(Base_Class.java:41)] - chromedriver setup is completed. 
2024-03-16 13:21:17.788 INFO [main] [test_Cases.Base_Class.tearDown(Base_Class.java:49)] - Quitting the chrome browser
2024-03-16 13:22:23.365 INFO [main] [test_Cases.Base_Class.setup(Base_Class.java:41)] - chromedriver setup is completed. 
2024-03-16 13:22:24.768 INFO [main] [test_Cases.Base_Class.tearDown(Base_Class.java:49)] - Quitting the chrome browser
2024-03-16 13:26:42.426 INFO [main] [test_Cases.Base_Class.setup(Base_Class.java:41)] - chromedriver setup is completed. 
2024-03-16 13:26:43.923 INFO [main] [test_Cases.Base_Class.tearDown(Base_Class.java:49)] - Quitting the chrome browser
2024-03-16 13:28:43.286 INFO [main] [test_Cases.Base_Class.setup(Base_Class.java:41)] - chromedriver setup is completed. 
2024-03-16 13:28:47.409 INFO [main] [test_Cases.TC_LoginTest_001.loginTest(TC_LoginTest_001.java:15)] - Url is opened. 
2024-03-16 13:28:47.522 INFO [main] [test_Cases.TC_LoginTest_001.loginTest(TC_LoginTest_001.java:22)] - Enter the username
2024-03-16 13:28:47.598 INFO [main] [test_Cases.TC_LoginTest_001.loginTest(TC_LoginTest_001.java:25)] - Enter the password
2024-03-16 13:28:48.561 INFO [main] [test_Cases.TC_LoginTest_001.loginTest(TC_LoginTest_001.java:37)] - Login Test is passed
2024-03-16 13:28:48.731 INFO [main] [test_Cases.Base_Class.tearDown(Base_Class.java:49)] - Quitting the chrome browser
2024-03-16 13:34:58.717 INFO [main] [test_Cases.Base_Class.setup(Base_Class.java:41)] - chromedriver setup is completed. 
2024-03-16 13:39:49.753 INFO [main] [test_Cases.Base_Class.setup(Base_Class.java:41)] - chromedriver setup is completed. 
2024-03-16 13:39:55.250 INFO [main] [test_Cases.TC_LoginTest_001.loginTest(TC_LoginTest_001.java:15)] - Url is opened. 
2024-03-16 13:39:55.390 INFO [main] [test_Cases.TC_LoginTest_001.loginTest(TC_LoginTest_001.java:22)] - Enter the username
2024-03-16 13:39:55.510 INFO [main] [test_Cases.TC_LoginTest_001.loginTest(TC_LoginTest_001.java:25)] - Enter the password
2024-03-16 13:39:56.852 INFO [main] [test_Cases.TC_LoginTest_001.loginTest(TC_LoginTest_001.java:37)] - Login Test is passed
2024-03-16 13:39:57.040 INFO [main] [test_Cases.Base_Class.tearDown(Base_Class.java:49)] - Quitting the chrome browser
2024-03-16 13:42:44.993 INFO [main] [test_Cases.Base_Class.setup(Base_Class.java:41)] - chromedriver setup is completed. 
2024-03-16 13:42:50.177 INFO [main] [test_Cases.TC_LoginTest_001.loginTest(TC_LoginTest_001.java:15)] - Url is opened. 
2024-03-16 13:42:50.291 INFO [main] [test_Cases.TC_LoginTest_001.loginTest(TC_LoginTest_001.java:22)] - Enter the username
2024-03-16 13:42:50.366 INFO [main] [test_Cases.TC_LoginTest_001.loginTest(TC_LoginTest_001.java:25)] - Enter the password
2024-03-16 13:42:51.442 INFO [main] [test_Cases.TC_LoginTest_001.loginTest(TC_LoginTest_001.java:37)] - Login Test is passed
2024-03-16 13:42:51.613 INFO [main] [test_Cases.Base_Class.tearDown(Base_Class.java:49)] - Quitting the chrome browser
2024-03-16 14:31:53.928 INFO [main] [test_Cases.TC_LoginTest_001.loginTest(TC_LoginTest_001.java:15)] - Url is opened. 
2024-03-16 14:31:54.076 INFO [main] [test_Cases.TC_LoginTest_001.loginTest(TC_LoginTest_001.java:22)] - Enter the username
2024-03-16 14:31:54.165 INFO [main] [test_Cases.TC_LoginTest_001.loginTest(TC_LoginTest_001.java:25)] - Enter the password
2024-03-16 14:31:55.225 INFO [main] [test_Cases.TC_LoginTest_001.loginTest(TC_LoginTest_001.java:37)] - Login Test is passed
2024-03-16 14:31:55.400 INFO [main] [test_Cases.Base_Class.tearDown(Base_Class.java:67)] - Quitting the chrome browser
2024-03-16 14:33:23.344 INFO [main] [test_Cases.TC_LoginTest_001.loginTest(TC_LoginTest_001.java:15)] - Url is opened. 
2024-03-16 14:33:23.458 INFO [main] [test_Cases.TC_LoginTest_001.loginTest(TC_LoginTest_001.java:22)] - Enter the username
2024-03-16 14:33:23.536 INFO [main] [test_Cases.TC_LoginTest_001.loginTest(TC_LoginTest_001.java:25)] - Enter the password
2024-03-16 14:33:24.871 INFO [main] [test_Cases.TC_LoginTest_001.loginTest(TC_LoginTest_001.java:37)] - Login Test is passed
2024-03-16 14:33:25.031 INFO [main] [test_Cases.Base_Class.tearDown(Base_Class.java:67)] - Quitting the chrome browser
2024-03-16 14:43:19.365 INFO [main] [test_Cases.TC_LoginTest_001.loginTest(TC_LoginTest_001.java:15)] - Url is opened. 
2024-03-16 14:43:19.479 INFO [main] [test_Cases.TC_LoginTest_001.loginTest(TC_LoginTest_001.java:22)] - Enter the username
2024-03-16 14:43:19.556 INFO [main] [test_Cases.TC_LoginTest_001.loginTest(TC_LoginTest_001.java:25)] - Enter the password
2024-03-16 14:43:20.612 INFO [main] [test_Cases.TC_LoginTest_001.loginTest(TC_LoginTest_001.java:37)] - Login Test is passed
2024-03-16 14:43:20.799 INFO [main] [test_Cases.Base_Class.tearDown(Base_Class.java:68)] - Quitting the chrome browser
2024-03-16 14:47:12.093 INFO [main] [test_Cases.TC_LoginTest_001.loginTest(TC_LoginTest_001.java:15)] - Url is opened. 
2024-03-16 14:47:14.778 INFO [main] [test_Cases.TC_LoginTest_001.loginTest(TC_LoginTest_001.java:22)] - Enter the username
2024-03-16 14:47:14.862 INFO [main] [test_Cases.TC_LoginTest_001.loginTest(TC_LoginTest_001.java:25)] - Enter the password
2024-03-16 14:47:16.107 INFO [main] [test_Cases.TC_LoginTest_001.loginTest(TC_LoginTest_001.java:37)] - Login Test is passed
2024-03-16 14:47:16.283 INFO [main] [test_Cases.Base_Class.tearDown(Base_Class.java:70)] - Quitting the chrome browser
2024-03-16 14:48:34.613 INFO [main] [test_Cases.TC_LoginTest_001.loginTest(TC_LoginTest_001.java:15)] - Url is opened. 
2024-03-16 14:48:34.718 INFO [main] [test_Cases.TC_LoginTest_001.loginTest(TC_LoginTest_001.java:22)] - Enter the username
2024-03-16 14:48:34.798 INFO [main] [test_Cases.TC_LoginTest_001.loginTest(TC_LoginTest_001.java:25)] - Enter the password
2024-03-16 14:48:36.169 INFO [main] [test_Cases.TC_LoginTest_001.loginTest(TC_LoginTest_001.java:37)] - Login Test is passed
2024-03-16 14:48:36.357 INFO [main] [test_Cases.Base_Class.tearDown(Base_Class.java:70)] - Quitting the chrome browser
2024-03-16 14:52:20.207 INFO [main] [test_Cases.TC_LoginTest_001.loginTest(TC_LoginTest_001.java:15)] - Url is opened. 
2024-03-16 14:52:22.619 INFO [main] [test_Cases.TC_LoginTest_001.loginTest(TC_LoginTest_001.java:22)] - Enter the username
2024-03-16 14:52:22.711 INFO [main] [test_Cases.TC_LoginTest_001.loginTest(TC_LoginTest_001.java:25)] - Enter the password
2024-03-16 14:52:24.547 INFO [main] [test_Cases.TC_LoginTest_001.loginTest(TC_LoginTest_001.java:37)] - Login Test is passed
2024-03-16 14:52:24.730 INFO [main] [test_Cases.Base_Class.tearDown(Base_Class.java:70)] - Quitting the chrome browser
